

Microchip MPLAB XC8 Assembler V2.32 build 20210201212658 
                                                                                               Wed Mar 09 13:53:31 2022

Microchip MPLAB XC8 C Compiler v2.32 (Free license) build 20210201212658 Og1 
     1                           	processor	16F1459
     2                           	pagewidth 120
     3                           	opt	flic
     4                           	psect	idataBANK0,global,class=CODE,delta=2,noexec
     5                           	psect	cinit,global,class=CODE,merge=1,delta=2
     6                           	psect	bssBANK0,global,class=BANK0,space=1,delta=1,noexec
     7                           	psect	dataBANK0,global,class=BANK0,space=1,delta=1,noexec
     8                           	psect	bssBANK1,global,class=BANK1,space=1,delta=1,noexec
     9                           	psect	bssBANK2,global,class=BANK2,space=1,delta=1,noexec
    10                           	psect	clrtext,global,class=CODE,delta=2
    11                           	psect	cstackCOMMON,global,class=COMMON,space=1,delta=1,noexec
    12                           	psect	cstackBANK0,global,class=BANK0,space=1,delta=1,noexec
    13                           	psect	maintext,global,class=CODE,merge=1,split=1,delta=2
    14                           	psect	text1,local,class=CODE,merge=1,delta=2
    15                           	psect	text2,local,class=CODE,merge=1,delta=2
    16                           	psect	text3,local,class=CODE,merge=1,delta=2
    17                           	psect	text4,local,class=CODE,merge=1,delta=2
    18                           	psect	text5,local,class=CODE,merge=1,delta=2
    19                           	psect	text6,local,class=CODE,merge=1,delta=2
    20                           	psect	text7,local,class=CODE,merge=1,delta=2
    21                           	dabs	1,0x7E,2
    22  0000                     
    23                           ; Version 2.20
    24                           ; Generated 12/02/2020 GMT
    25                           ; 
    26                           ; Copyright © 2020, Microchip Technology Inc. and its subsidiaries ("Microchip")
    27                           ; All rights reserved.
    28                           ; 
    29                           ; This software is developed by Microchip Technology Inc. and its subsidiaries ("Microch
      +                          ip").
    30                           ; 
    31                           ; Redistribution and use in source and binary forms, with or without modification, are
    32                           ; permitted provided that the following conditions are met:
    33                           ; 
    34                           ;     1. Redistributions of source code must retain the above copyright notice, this lis
      +                          t of
    35                           ;        conditions and the following disclaimer.
    36                           ; 
    37                           ;     2. Redistributions in binary form must reproduce the above copyright notice, this 
      +                          list
    38                           ;        of conditions and the following disclaimer in the documentation and/or other
    39                           ;        materials provided with the distribution.
    40                           ; 
    41                           ;     3. Microchip's name may not be used to endorse or promote products derived from th
      +                          is
    42                           ;        software without specific prior written permission.
    43                           ; 
    44                           ; THIS SOFTWARE IS PROVIDED BY MICROCHIP "AS IS" AND ANY EXPRESS OR IMPLIED WARRANTIES,
    45                           ; INCLUDING, BUT NOT LIMITED TO, THE IMPLIED WARRANTIES OF MERCHANTABILITY AND FITNESS F
      +                          OR
    46                           ; PURPOSE ARE DISCLAIMED.  IN NO EVENT SHALL MICROCHIP BE LIABLE FOR ANY DIRECT, INDIREC
      +                          T,
    47                           ; INCIDENTAL, SPECIAL, EXEMPLARY, OR CONSEQUENTIAL DAMAGES (INCLUDING BUT NOT LIMITED TO
    48                           ; PROCUREMENT OF SUBSTITUTE GOODS OR SERVICES; LOSS OF USE, DATA OR PROFITS; OR BUSINESS
    49                           ; INTERRUPTION) HOWSOEVER CAUSED AND ON ANY THEORY OF LIABILITY, WHETHER IN CONTRACT, ST
      +                          RICT
    50                           ; LIABILITY, OR TORT (INCLUDING NEGLIGENCE OR OTHERWISE) ARISING IN ANY WAY OUT OF THE U
      +                          SE OF
    51                           ; THIS SOFTWARE, EVEN IF ADVISED OF THE POSSIBILITY OF SUCH DAMAGE.
    52                           ; 
    53                           ; 
    54                           ; Code-generator required, PIC16F1459 Definitions
    55                           ; 
    56                           ; SFR Addresses
    57  0000                     	;# 
    58  0001                     	;# 
    59  0002                     	;# 
    60  0003                     	;# 
    61  0004                     	;# 
    62  0005                     	;# 
    63  0006                     	;# 
    64  0007                     	;# 
    65  0008                     	;# 
    66  0009                     	;# 
    67  000A                     	;# 
    68  000B                     	;# 
    69  000C                     	;# 
    70  000D                     	;# 
    71  000E                     	;# 
    72  0011                     	;# 
    73  0012                     	;# 
    74  0015                     	;# 
    75  0016                     	;# 
    76  0016                     	;# 
    77  0017                     	;# 
    78  0018                     	;# 
    79  0019                     	;# 
    80  001A                     	;# 
    81  001B                     	;# 
    82  001C                     	;# 
    83  008C                     	;# 
    84  008D                     	;# 
    85  008E                     	;# 
    86  0091                     	;# 
    87  0092                     	;# 
    88  0095                     	;# 
    89  0096                     	;# 
    90  0097                     	;# 
    91  0098                     	;# 
    92  0099                     	;# 
    93  009A                     	;# 
    94  009B                     	;# 
    95  009B                     	;# 
    96  009C                     	;# 
    97  009D                     	;# 
    98  009E                     	;# 
    99  009F                     	;# 
   100  010C                     	;# 
   101  010D                     	;# 
   102  010E                     	;# 
   103  0111                     	;# 
   104  0112                     	;# 
   105  0113                     	;# 
   106  0114                     	;# 
   107  0115                     	;# 
   108  0116                     	;# 
   109  0117                     	;# 
   110  0118                     	;# 
   111  0119                     	;# 
   112  011D                     	;# 
   113  018C                     	;# 
   114  018D                     	;# 
   115  018E                     	;# 
   116  0191                     	;# 
   117  0191                     	;# 
   118  0192                     	;# 
   119  0193                     	;# 
   120  0193                     	;# 
   121  0194                     	;# 
   122  0195                     	;# 
   123  0196                     	;# 
   124  0197                     	;# 
   125  0199                     	;# 
   126  019A                     	;# 
   127  019B                     	;# 
   128  019B                     	;# 
   129  019C                     	;# 
   130  019D                     	;# 
   131  019E                     	;# 
   132  019F                     	;# 
   133  020C                     	;# 
   134  020D                     	;# 
   135  0211                     	;# 
   136  0211                     	;# 
   137  0212                     	;# 
   138  0212                     	;# 
   139  0213                     	;# 
   140  0213                     	;# 
   141  0214                     	;# 
   142  0214                     	;# 
   143  0215                     	;# 
   144  0215                     	;# 
   145  0215                     	;# 
   146  0216                     	;# 
   147  0216                     	;# 
   148  0217                     	;# 
   149  0217                     	;# 
   150  0391                     	;# 
   151  0392                     	;# 
   152  0393                     	;# 
   153  0394                     	;# 
   154  0395                     	;# 
   155  0396                     	;# 
   156  039A                     	;# 
   157  039B                     	;# 
   158  0611                     	;# 
   159  0612                     	;# 
   160  0613                     	;# 
   161  0613                     	;# 
   162  0614                     	;# 
   163  0615                     	;# 
   164  0616                     	;# 
   165  0616                     	;# 
   166  0691                     	;# 
   167  0692                     	;# 
   168  0693                     	;# 
   169  0694                     	;# 
   170  0695                     	;# 
   171  0E8E                     	;# 
   172  0E8F                     	;# 
   173  0E90                     	;# 
   174  0E91                     	;# 
   175  0E92                     	;# 
   176  0E93                     	;# 
   177  0E94                     	;# 
   178  0E94                     	;# 
   179  0E95                     	;# 
   180  0E96                     	;# 
   181  0E97                     	;# 
   182  0E98                     	;# 
   183  0E99                     	;# 
   184  0E9A                     	;# 
   185  0E9B                     	;# 
   186  0E9C                     	;# 
   187  0E9D                     	;# 
   188  0E9E                     	;# 
   189  0E9F                     	;# 
   190  0FE4                     	;# 
   191  0FE5                     	;# 
   192  0FE6                     	;# 
   193  0FE7                     	;# 
   194  0FE8                     	;# 
   195  0FE9                     	;# 
   196  0FEA                     	;# 
   197  0FEB                     	;# 
   198  0FED                     	;# 
   199  0FEE                     	;# 
   200  0FEF                     	;# 
   201  0000                     	;# 
   202  0001                     	;# 
   203  0002                     	;# 
   204  0003                     	;# 
   205  0004                     	;# 
   206  0005                     	;# 
   207  0006                     	;# 
   208  0007                     	;# 
   209  0008                     	;# 
   210  0009                     	;# 
   211  000A                     	;# 
   212  000B                     	;# 
   213  000C                     	;# 
   214  000D                     	;# 
   215  000E                     	;# 
   216  0011                     	;# 
   217  0012                     	;# 
   218  0015                     	;# 
   219  0016                     	;# 
   220  0016                     	;# 
   221  0017                     	;# 
   222  0018                     	;# 
   223  0019                     	;# 
   224  001A                     	;# 
   225  001B                     	;# 
   226  001C                     	;# 
   227  008C                     	;# 
   228  008D                     	;# 
   229  008E                     	;# 
   230  0091                     	;# 
   231  0092                     	;# 
   232  0095                     	;# 
   233  0096                     	;# 
   234  0097                     	;# 
   235  0098                     	;# 
   236  0099                     	;# 
   237  009A                     	;# 
   238  009B                     	;# 
   239  009B                     	;# 
   240  009C                     	;# 
   241  009D                     	;# 
   242  009E                     	;# 
   243  009F                     	;# 
   244  010C                     	;# 
   245  010D                     	;# 
   246  010E                     	;# 
   247  0111                     	;# 
   248  0112                     	;# 
   249  0113                     	;# 
   250  0114                     	;# 
   251  0115                     	;# 
   252  0116                     	;# 
   253  0117                     	;# 
   254  0118                     	;# 
   255  0119                     	;# 
   256  011D                     	;# 
   257  018C                     	;# 
   258  018D                     	;# 
   259  018E                     	;# 
   260  0191                     	;# 
   261  0191                     	;# 
   262  0192                     	;# 
   263  0193                     	;# 
   264  0193                     	;# 
   265  0194                     	;# 
   266  0195                     	;# 
   267  0196                     	;# 
   268  0197                     	;# 
   269  0199                     	;# 
   270  019A                     	;# 
   271  019B                     	;# 
   272  019B                     	;# 
   273  019C                     	;# 
   274  019D                     	;# 
   275  019E                     	;# 
   276  019F                     	;# 
   277  020C                     	;# 
   278  020D                     	;# 
   279  0211                     	;# 
   280  0211                     	;# 
   281  0212                     	;# 
   282  0212                     	;# 
   283  0213                     	;# 
   284  0213                     	;# 
   285  0214                     	;# 
   286  0214                     	;# 
   287  0215                     	;# 
   288  0215                     	;# 
   289  0215                     	;# 
   290  0216                     	;# 
   291  0216                     	;# 
   292  0217                     	;# 
   293  0217                     	;# 
   294  0391                     	;# 
   295  0392                     	;# 
   296  0393                     	;# 
   297  0394                     	;# 
   298  0395                     	;# 
   299  0396                     	;# 
   300  039A                     	;# 
   301  039B                     	;# 
   302  0611                     	;# 
   303  0612                     	;# 
   304  0613                     	;# 
   305  0613                     	;# 
   306  0614                     	;# 
   307  0615                     	;# 
   308  0616                     	;# 
   309  0616                     	;# 
   310  0691                     	;# 
   311  0692                     	;# 
   312  0693                     	;# 
   313  0694                     	;# 
   314  0695                     	;# 
   315  0E8E                     	;# 
   316  0E8F                     	;# 
   317  0E90                     	;# 
   318  0E91                     	;# 
   319  0E92                     	;# 
   320  0E93                     	;# 
   321  0E94                     	;# 
   322  0E94                     	;# 
   323  0E95                     	;# 
   324  0E96                     	;# 
   325  0E97                     	;# 
   326  0E98                     	;# 
   327  0E99                     	;# 
   328  0E9A                     	;# 
   329  0E9B                     	;# 
   330  0E9C                     	;# 
   331  0E9D                     	;# 
   332  0E9E                     	;# 
   333  0E9F                     	;# 
   334  0FE4                     	;# 
   335  0FE5                     	;# 
   336  0FE6                     	;# 
   337  0FE7                     	;# 
   338  0FE8                     	;# 
   339  0FE9                     	;# 
   340  0FEA                     	;# 
   341  0FEB                     	;# 
   342  0FED                     	;# 
   343  0FEE                     	;# 
   344  0FEF                     	;# 
   345                           
   346                           	psect	idataBANK0
   347  0E7B                     __pidataBANK0:
   348                           
   349                           ;initializer for _tick
   350  0E7B  3401               	retlw	1
   351  0E7C  3400               	retlw	0
   352                           
   353                           ;initializer for _ledNum
   354  0E7D  340A               	retlw	10
   355                           
   356                           ;initializer for _arrayLength
   357  0E7E  3404               	retlw	4
   358  000C                     _PORTAbits	set	12
   359  009C                     _ADRESH	set	156
   360  009F                     _ADCON2	set	159
   361  009E                     _ADCON1	set	158
   362  009D                     _ADCON0	set	157
   363  008E                     _TRISCbits	set	142
   364  008E                     _TRISC	set	142
   365  008D                     _TRISB	set	141
   366  008C                     _TRISA	set	140
   367  0095                     _OPTION_REG	set	149
   368  0099                     _OSCCON	set	153
   369  04E9                     _GO	set	1257
   370  04E8                     _ADON	set	1256
   371  04D6                     _PLLRDY	set	1238
   372  010E                     _LATCbits	set	270
   373  010E                     _LATC	set	270
   374  010D                     _LATB	set	269
   375  010C                     _LATA	set	268
   376  018E                     _ANSELC	set	398
   377  018D                     _ANSELB	set	397
   378  018C                     _ANSELA	set	396
   379  020D                     _WPUB	set	525
   380  020C                     _WPUA	set	524
   381  039B                     _ACTCON	set	923
   382                           
   383                           	psect	cinit
   384  0FD5                     start_initialization:	
   385                           ; #config settings
   386                           
   387  0FD5                     __initialization:
   388                           
   389                           ; Initialize objects allocated to BANK0
   390  0FD5  318E  267B  318F   	fcall	__pidataBANK0	;fetch initializer
   391  0FD8  00E1               	movwf	__pdataBANK0& (0+127)
   392  0FD9  318E  267C  318F   	fcall	__pidataBANK0+1	;fetch initializer
   393  0FDC  00E2               	movwf	(__pdataBANK0+1)& (0+127)
   394  0FDD  318E  267D  318F   	fcall	__pidataBANK0+2	;fetch initializer
   395  0FE0  00E3               	movwf	(__pdataBANK0+2)& (0+127)
   396  0FE1  318E  267E  318F   	fcall	__pidataBANK0+3	;fetch initializer
   397  0FE4  00E4               	movwf	(__pdataBANK0+3)& (0+127)
   398                           
   399                           ; Clear objects allocated to BANK0
   400  0FE5  3020               	movlw	low __pbssBANK0
   401  0FE6  0084               	movwf	4
   402  0FE7  3000               	movlw	high __pbssBANK0
   403  0FE8  0085               	movwf	5
   404  0FE9  3041               	movlw	65
   405  0FEA  318E  267F  318F   	fcall	clear_ram0
   406                           
   407                           ; Clear objects allocated to BANK1
   408  0FED  30A0               	movlw	low __pbssBANK1
   409  0FEE  0084               	movwf	4
   410  0FEF  3000               	movlw	high __pbssBANK1
   411  0FF0  0085               	movwf	5
   412  0FF1  3048               	movlw	72
   413  0FF2  318E  267F  318F   	fcall	clear_ram0
   414                           
   415                           ; Clear objects allocated to BANK2
   416  0FF5  3020               	movlw	low __pbssBANK2
   417  0FF6  0084               	movwf	4
   418  0FF7  3001               	movlw	high __pbssBANK2
   419  0FF8  0085               	movwf	5
   420  0FF9  301F               	movlw	31
   421  0FFA  318E  267F  318F   	fcall	clear_ram0
   422  0FFD                     end_of_initialization:	
   423                           ;End of C runtime variable initialization code
   424                           
   425  0FFD                     __end_of__initialization:
   426  0FFD  0020               	movlb	0
   427  0FFE  318F  2F20         	ljmp	_main	;jump to C main() function
   428                           
   429                           	psect	bssBANK0
   430  0020                     __pbssBANK0:
   431  0020                     _green:
   432  0020                     	ds	10
   433  002A                     _red:
   434  002A                     	ds	10
   435  0034                     _sound:
   436  0034                     	ds	2
   437  0036                     _soundMemory:
   438  0036                     	ds	2
   439  0038                     _amplitude:
   440  0038                     	ds	2
   441  003A                     _ticks_left:
   442  003A                     	ds	2
   443  003C                     _rev:
   444  003C                     	ds	1
   445  003D                     _leds:
   446  003D                     	ds	1
   447  003E                     _isPressed:
   448  003E                     	ds	1
   449  003F                     _indexFunction:
   450  003F                     	ds	1
   451  0040                     _sBlue:
   452  0040                     	ds	1
   453  0041                     _sGreen:
   454  0041                     	ds	1
   455  0042                     _sRed:
   456  0042                     	ds	1
   457  0043                     _blueS:
   458  0043                     	ds	10
   459  004D                     _greenS:
   460  004D                     	ds	10
   461  0057                     _redS:
   462  0057                     	ds	10
   463                           
   464                           	psect	dataBANK0
   465  0061                     __pdataBANK0:
   466  0061                     _tick:
   467  0061                     	ds	2
   468  0063                     _ledNum:
   469  0063                     	ds	1
   470  0064                     _arrayLength:
   471  0064                     	ds	1
   472                           
   473                           	psect	bssBANK1
   474  00A0                     __pbssBANK1:
   475  00A0                     _blue:
   476  00A0                     	ds	10
   477  00AA                     _greenArray:
   478  00AA                     	ds	31
   479  00C9                     _redArray:
   480  00C9                     	ds	31
   481                           
   482                           	psect	bssBANK2
   483  0120                     __pbssBANK2:
   484  0120                     _blueArray:
   485  0120                     	ds	31
   486                           
   487                           	psect	clrtext
   488  0E7F                     clear_ram0:	
   489                           ;	Called with FSR0 containing the base address, and
   490                           ;	WREG with the size to clear
   491                           
   492  0E7F  0064               	clrwdt	;clear the watchdog before getting into this loop
   493  0E80                     clrloop0:
   494  0E80  0180               	clrf	0	;clear RAM location pointed to by FSR
   495  0E81  3101               	addfsr 0,1
   496  0E82  0B89               	decfsz	9,f	;Have we reached the end of clearing yet?
   497  0E83  2E80               	goto	clrloop0	;have we reached the end yet?
   498  0E84  3400               	retlw	0	;all done for this memory range, return
   499                           
   500                           	psect	cstackCOMMON
   501  0070                     __pcstackCOMMON:
   502  0070                     ?_neopixel_send:
   503  0070                     ??_neopixel_send:	
   504                           ; 1 bytes @ 0x0
   505                           
   506  0070                     ?_OSC_config:	
   507                           ; 1 bytes @ 0x0
   508                           
   509  0070                     ??_OSC_config:	
   510                           ; 1 bytes @ 0x0
   511                           
   512  0070                     ?_UBMP4_config:	
   513                           ; 1 bytes @ 0x0
   514                           
   515  0070                     ??_UBMP4_config:	
   516                           ; 1 bytes @ 0x0
   517                           
   518  0070                     ?_ADC_config:	
   519                           ; 1 bytes @ 0x0
   520                           
   521  0070                     ??_ADC_config:	
   522                           ; 1 bytes @ 0x0
   523                           
   524  0070                     ?_ADC_select_channel:	
   525                           ; 1 bytes @ 0x0
   526                           
   527  0070                     ??_ADC_select_channel:	
   528                           ; 1 bytes @ 0x0
   529                           
   530  0070                     ?_ADC_read:	
   531                           ; 1 bytes @ 0x0
   532                           
   533  0070                     ??_ADC_read:	
   534                           ; 1 bytes @ 0x0
   535                           
   536  0070                     ?_main:	
   537                           ; 1 bytes @ 0x0
   538                           
   539  0070                     ADC_select_channel@channel:	
   540                           ; 2 bytes @ 0x0
   541                           
   542                           
   543                           ; 1 bytes @ 0x0
   544  0070                     	ds	1
   545  0071                     neopixel_send@colour:
   546                           
   547                           ; 1 bytes @ 0x1
   548  0071                     	ds	1
   549  0072                     neopixel_send@bits:
   550                           
   551                           ; 1 bytes @ 0x2
   552  0072                     	ds	1
   553  0073                     ?_neopixel_fill_a:
   554  0073                     neopixel_fill_a@red:	
   555                           ; 1 bytes @ 0x3
   556                           
   557                           
   558                           ; 1 bytes @ 0x3
   559  0073                     	ds	1
   560  0074                     neopixel_fill_a@green:
   561                           
   562                           ; 1 bytes @ 0x4
   563  0074                     	ds	1
   564  0075                     neopixel_fill_a@blue:
   565                           
   566                           ; 2 bytes @ 0x5
   567  0075                     	ds	2
   568  0077                     ??_neopixel_fill_a:
   569                           
   570                           ; 1 bytes @ 0x7
   571  0077                     	ds	2
   572  0079                     neopixel_fill_a@leds:
   573                           
   574                           ; 1 bytes @ 0x9
   575  0079                     	ds	1
   576  007A                     neopixel_fill_a@ledNum:
   577                           
   578                           ; 2 bytes @ 0xA
   579  007A                     	ds	2
   580  007C                     ??_main:
   581                           
   582                           ; 1 bytes @ 0xC
   583  007C                     	ds	2
   584                           
   585                           	psect	cstackBANK0
   586  0065                     __pcstackBANK0:
   587  0065                     main@i:
   588                           
   589                           ; 2 bytes @ 0x0
   590  0065                     	ds	2
   591  0067                     main@i_203:
   592                           
   593                           ; 2 bytes @ 0x2
   594  0067                     	ds	2
   595                           
   596                           	psect	maintext
   597  0F20                     __pmaintext:	
   598 ;;
   599 ;;Main: autosize = 0, tempsize = 2, incstack = 0, save=0
   600 ;;
   601 ;; *************** function _main *****************
   602 ;; Defined at:
   603 ;;		line 155 in file "Main.c"
   604 ;; Parameters:    Size  Location     Type
   605 ;;		None
   606 ;; Auto vars:     Size  Location     Type
   607 ;;  i               2    2[BANK0 ] int 
   608 ;;  i               2    0[BANK0 ] int 
   609 ;;  prevNum         2    0        int 
   610 ;;  brightness      2    0        int 
   611 ;;  led             2    0        int 
   612 ;; Return value:  Size  Location     Type
   613 ;;                  2  168[None  ] int 
   614 ;; Registers used:
   615 ;;		wreg, fsr1l, fsr1h, status,2, status,0, pclath, cstack
   616 ;; Tracked objects:
   617 ;;		On entry : B1F/0
   618 ;;		On exit  : 0/0
   619 ;;		Unchanged: 0/0
   620 ;; Data sizes:     COMMON   BANK0   BANK1   BANK2   BANK3   BANK4   BANK5   BANK6   BANK7   BANK8   BANK9  BANK10  BANK1
      +1  BANK12
   621 ;;      Params:         0       0       0       0       0       0       0       0       0       0       0       0       
      +0       0
   622 ;;      Locals:         0       4       0       0       0       0       0       0       0       0       0       0       
      +0       0
   623 ;;      Temps:          2       0       0       0       0       0       0       0       0       0       0       0       
      +0       0
   624 ;;      Totals:         2       4       0       0       0       0       0       0       0       0       0       0       
      +0       0
   625 ;;Total ram usage:        6 bytes
   626 ;; Hardware stack levels required when called: 2
   627 ;; This function calls:
   628 ;;		_ADC_config
   629 ;;		_ADC_read
   630 ;;		_ADC_select_channel
   631 ;;		_OSC_config
   632 ;;		_UBMP4_config
   633 ;;		_neopixel_fill_a
   634 ;; This function is called by:
   635 ;;		Startup code after reset
   636 ;; This function uses a non-reentrant model
   637 ;;
   638                           
   639                           
   640                           ;psect for function _main
   641  0F20                     _main:
   642  0F20                     l1205:	
   643                           ;incstack = 0
   644                           ; Regs used in _main: [wreg+fsr1l+fsr1h+status,2+status,0+pclath+cstack]
   645                           
   646                           
   647                           ;Main.c: 158:     OSC_config();
   648  0F20  318E  2697  318F   	fcall	_OSC_config
   649                           
   650                           ;Main.c: 159:     UBMP4_config();
   651  0F23  318E  26CC  318F   	fcall	_UBMP4_config
   652                           
   653                           ;Main.c: 160:     ADC_config();
   654  0F26  318E  26A3  318F   	fcall	_ADC_config
   655                           
   656                           ;Main.c: 161:     ADC_select_channel(0b00010000);
   657  0F29  3010               	movlw	16
   658  0F2A  318E  268D  318F   	fcall	_ADC_select_channel
   659  0F2D                     l1207:
   660                           
   661                           ;Main.c: 162:     _delay((unsigned long)((100)*(48000000/4000.0)));
   662  0F2D  3007               	movlw	7
   663  0F2E  00FD               	movwf	??_main+1
   664  0F2F  3017               	movlw	23
   665  0F30  00FC               	movwf	??_main
   666  0F31  306A               	movlw	106
   667  0F32                     u627:
   668  0F32  0B89               	decfsz	9,f
   669  0F33  2F32               	goto	u627
   670  0F34  0BFC               	decfsz	??_main,f
   671  0F35  2F32               	goto	u627
   672  0F36  0BFD               	decfsz	??_main+1,f
   673  0F37  2F32               	goto	u627
   674  0F38  3200               	nop2
   675  0F39                     l1209:
   676  0F39                     l1211:
   677  0F39                     l1213:
   678                           
   679                           ;Main.c: 167:  {;Main.c: 169:         sound = ADC_read();
   680  0F39  318E  2685  318F   	fcall	_ADC_read
   681  0F3C  00FC               	movwf	??_main
   682  0F3D  01FD               	clrf	??_main+1
   683  0F3E  087C               	movf	??_main,w
   684  0F3F  0020               	movlb	0	; select bank0
   685  0F40  00B4               	movwf	_sound
   686  0F41  087D               	movf	??_main+1,w
   687  0F42  00B5               	movwf	_sound+1
   688  0F43                     l1215:
   689                           
   690                           ;Main.c: 170:         if (sound > 128) {
   691  0F43  3000               	movlw	0
   692  0F44  0235               	subwf	_sound+1,w
   693  0F45  3081               	movlw	129
   694  0F46  1903               	skipnz
   695  0F47  0234               	subwf	_sound,w
   696  0F48  1C03               	skipc
   697  0F49  2F4B               	goto	u561
   698  0F4A  2F4C               	goto	u560
   699  0F4B                     u561:
   700  0F4B  2F52               	goto	l1219
   701  0F4C                     u560:
   702  0F4C                     l1217:
   703                           
   704                           ;Main.c: 171:         amplitude = sound - 127;
   705  0F4C  0834               	movf	_sound,w
   706  0F4D  3E81               	addlw	129
   707  0F4E  00B8               	movwf	_amplitude
   708  0F4F  30FF               	movlw	255
   709  0F50  3D35               	addwfc	_sound+1,w
   710  0F51  00B9               	movwf	_amplitude+1
   711  0F52                     l1219:
   712  0F52                     l1221:
   713                           
   714                           ;Main.c: 174:         if (sound > 140 || sound < 110){
   715  0F52  3000               	movlw	0
   716  0F53  0235               	subwf	_sound+1,w
   717  0F54  308D               	movlw	141
   718  0F55  1903               	skipnz
   719  0F56  0234               	subwf	_sound,w
   720  0F57  1803               	skipnc
   721  0F58  2F5A               	goto	u571
   722  0F59  2F5B               	goto	u570
   723  0F5A                     u571:
   724  0F5A  2F64               	goto	l1225
   725  0F5B                     u570:
   726  0F5B                     l1223:
   727  0F5B  3000               	movlw	0
   728  0F5C  0235               	subwf	_sound+1,w
   729  0F5D  306E               	movlw	110
   730  0F5E  1903               	skipnz
   731  0F5F  0234               	subwf	_sound,w
   732  0F60  1803               	skipnc
   733  0F61  2F63               	goto	u581
   734  0F62  2F64               	goto	u580
   735  0F63                     u581:
   736  0F63  2FA3               	goto	l1239
   737  0F64                     u580:
   738  0F64                     l1225:
   739                           
   740                           ;Main.c: 176:             for (int i = 0; i <= amplitude/4; i++) {
   741  0F64  01E5               	clrf	main@i
   742  0F65  01E6               	clrf	main@i+1
   743  0F66  2F84               	goto	l1235
   744  0F67                     l1227:
   745                           
   746                           ;Main.c: 178:                     redArray[i]+=128;
   747  0F67  3080               	movlw	128
   748  0F68  00FC               	movwf	??_main
   749  0F69  0865               	movf	main@i,w
   750  0F6A  3EC9               	addlw	(low (_redArray| 0))& (0+255)
   751  0F6B  0086               	movwf	6
   752  0F6C  0187               	clrf	7
   753  0F6D  087C               	movf	??_main,w
   754  0F6E  0781               	addwf	1,f
   755  0F6F                     l1229:
   756                           
   757                           ;Main.c: 181:                     neopixel_fill_a(30, redArray, greenArray, blueArray);
   758  0F6F  30C9               	movlw	(low (_redArray| 0))& (0+255)
   759  0F70  00FC               	movwf	??_main
   760  0F71  087C               	movf	??_main,w
   761  0F72  00F3               	movwf	neopixel_fill_a@red
   762  0F73  30AA               	movlw	(low (_greenArray| 0))& (0+255)
   763  0F74  00FD               	movwf	??_main+1
   764  0F75  087D               	movf	??_main+1,w
   765  0F76  00F4               	movwf	neopixel_fill_a@green
   766  0F77  3020               	movlw	low _blueArray
   767  0F78  00F5               	movwf	neopixel_fill_a@blue
   768  0F79  3001               	movlw	high _blueArray
   769  0F7A  00F6               	movwf	neopixel_fill_a@blue+1
   770  0F7B  301E               	movlw	30
   771  0F7C  318E  26EC  318F   	fcall	_neopixel_fill_a
   772  0F7F                     l1231:
   773  0F7F                     l1233:
   774                           
   775                           ;Main.c: 184:         }
   776  0F7F  3001               	movlw	1
   777  0F80  0020               	movlb	0	; select bank0
   778  0F81  07E5               	addwf	main@i,f
   779  0F82  3000               	movlw	0
   780  0F83  3DE6               	addwfc	main@i+1,f
   781  0F84                     l1235:
   782  0F84  0839               	movf	_amplitude+1,w
   783  0F85  00FD               	movwf	??_main+1
   784  0F86  0838               	movf	_amplitude,w
   785  0F87  00FC               	movwf	??_main
   786  0F88  36FD               	lsrf	??_main+1,f
   787  0F89  0CFC               	rrf	??_main,f
   788  0F8A  36FD               	lsrf	??_main+1,f
   789  0F8B  0CFC               	rrf	??_main,f
   790  0F8C  0866               	movf	main@i+1,w
   791  0F8D  027D               	subwf	??_main+1,w
   792  0F8E  1D03               	skipz
   793  0F8F  2F92               	goto	u595
   794  0F90  0865               	movf	main@i,w
   795  0F91  027C               	subwf	??_main,w
   796  0F92                     u595:
   797  0F92  1803               	skipnc
   798  0F93  2F95               	goto	u591
   799  0F94  2F96               	goto	u590
   800  0F95                     u591:
   801  0F95  2F67               	goto	l1227
   802  0F96                     u590:
   803  0F96                     l1237:
   804                           
   805                           ;Main.c: 185:             _delay((unsigned long)((100)*(48000000/4000.0)));
   806  0F96  3007               	movlw	7
   807  0F97  00FD               	movwf	??_main+1
   808  0F98  3017               	movlw	23
   809  0F99  00FC               	movwf	??_main
   810  0F9A  306A               	movlw	106
   811  0F9B                     u637:
   812  0F9B  0B89               	decfsz	9,f
   813  0F9C  2F9B               	goto	u637
   814  0F9D  0BFC               	decfsz	??_main,f
   815  0F9E  2F9B               	goto	u637
   816  0F9F  0BFD               	decfsz	??_main+1,f
   817  0FA0  2F9B               	goto	u637
   818  0FA1  3200               	nop2
   819                           
   820                           ;Main.c: 186:         } else {
   821  0FA2  2FCC               	goto	l1253
   822  0FA3                     l1239:
   823                           
   824                           ;Main.c: 187:             for (int i = 0; i <= 30; i++) {
   825  0FA3  01E7               	clrf	main@i_203
   826  0FA4  01E8               	clrf	main@i_203+1
   827  0FA5                     l1245:
   828                           
   829                           ;Main.c: 188:             redArray[i] = 0;
   830  0FA5  0020               	movlb	0	; select bank0
   831  0FA6  0867               	movf	main@i_203,w
   832  0FA7  3EC9               	addlw	(low (_redArray| 0))& (0+255)
   833  0FA8  0086               	movwf	6
   834  0FA9  0187               	clrf	7
   835  0FAA  0181               	clrf	1
   836  0FAB                     l1247:
   837                           
   838                           ;Main.c: 189:             }
   839  0FAB  3001               	movlw	1
   840  0FAC  07E7               	addwf	main@i_203,f
   841  0FAD  3000               	movlw	0
   842  0FAE  3DE8               	addwfc	main@i_203+1,f
   843  0FAF                     l1249:
   844  0FAF  0868               	movf	main@i_203+1,w
   845  0FB0  3A80               	xorlw	128
   846  0FB1  00FC               	movwf	??_main
   847  0FB2  3080               	movlw	128
   848  0FB3  027C               	subwf	??_main,w
   849  0FB4  1D03               	skipz
   850  0FB5  2FB8               	goto	u605
   851  0FB6  301F               	movlw	31
   852  0FB7  0267               	subwf	main@i_203,w
   853  0FB8                     u605:
   854  0FB8  1C03               	skipc
   855  0FB9  2FBB               	goto	u601
   856  0FBA  2FBC               	goto	u600
   857  0FBB                     u601:
   858  0FBB  2FA5               	goto	l1245
   859  0FBC                     u600:
   860  0FBC                     l1251:
   861                           
   862                           ;Main.c: 190:             neopixel_fill_a(30, redArray, greenArray, blueArray);
   863  0FBC  30C9               	movlw	(low (_redArray| 0))& (0+255)
   864  0FBD  00FC               	movwf	??_main
   865  0FBE  087C               	movf	??_main,w
   866  0FBF  00F3               	movwf	neopixel_fill_a@red
   867  0FC0  30AA               	movlw	(low (_greenArray| 0))& (0+255)
   868  0FC1  00FD               	movwf	??_main+1
   869  0FC2  087D               	movf	??_main+1,w
   870  0FC3  00F4               	movwf	neopixel_fill_a@green
   871  0FC4  3020               	movlw	low _blueArray
   872  0FC5  00F5               	movwf	neopixel_fill_a@blue
   873  0FC6  3001               	movlw	high _blueArray
   874  0FC7  00F6               	movwf	neopixel_fill_a@blue+1
   875  0FC8  301E               	movlw	30
   876  0FC9  318E  26EC  318F   	fcall	_neopixel_fill_a
   877  0FCC                     l1253:
   878                           
   879                           ;Main.c: 250:         if(PORTAbits.RA3 == 0)
   880  0FCC  0020               	movlb	0	; select bank0
   881  0FCD  198C               	btfsc	12,3	;volatile
   882  0FCE  2FD0               	goto	u611
   883  0FCF  2FD1               	goto	u610
   884  0FD0                     u611:
   885  0FD0  2F39               	goto	l1213
   886  0FD1                     u610:
   887  0FD1                     l1255:
   888  0FD1  0001               	reset	;# 
   889  0FD2  2F39               	goto	l1213
   890  0FD3  3188  2803         	ljmp	start
   891  0FD5                     __end_of_main:
   892                           
   893                           	psect	text1
   894  0EEC                     __ptext1:	
   895 ;; *************** function _neopixel_fill_a *****************
   896 ;; Defined at:
   897 ;;		line 259 in file "Main.c"
   898 ;; Parameters:    Size  Location     Type
   899 ;;  leds            1    wreg     unsigned char 
   900 ;;  red             1    3[COMMON] PTR unsigned char 
   901 ;;		 -> redArray(31), redS(10), 
   902 ;;  green           1    4[COMMON] PTR unsigned char 
   903 ;;		 -> greenArray(31), greenS(10), 
   904 ;;  blue            2    5[COMMON] PTR unsigned char 
   905 ;;		 -> blueArray(31), blueS(10), 
   906 ;; Auto vars:     Size  Location     Type
   907 ;;  leds            1    9[COMMON] unsigned char 
   908 ;;  ledNum          2   10[COMMON] int 
   909 ;; Return value:  Size  Location     Type
   910 ;;                  1    wreg      void 
   911 ;; Registers used:
   912 ;;		wreg, fsr1l, fsr1h, status,2, status,0, pclath, cstack
   913 ;; Tracked objects:
   914 ;;		On entry : 0/0
   915 ;;		On exit  : 0/0
   916 ;;		Unchanged: 0/0
   917 ;; Data sizes:     COMMON   BANK0   BANK1   BANK2   BANK3   BANK4   BANK5   BANK6   BANK7   BANK8   BANK9  BANK10  BANK1
      +1  BANK12
   918 ;;      Params:         4       0       0       0       0       0       0       0       0       0       0       0       
      +0       0
   919 ;;      Locals:         3       0       0       0       0       0       0       0       0       0       0       0       
      +0       0
   920 ;;      Temps:          2       0       0       0       0       0       0       0       0       0       0       0       
      +0       0
   921 ;;      Totals:         9       0       0       0       0       0       0       0       0       0       0       0       
      +0       0
   922 ;;Total ram usage:        9 bytes
   923 ;; Hardware stack levels used: 1
   924 ;; Hardware stack levels required when called: 1
   925 ;; This function calls:
   926 ;;		_neopixel_send
   927 ;; This function is called by:
   928 ;;		_main
   929 ;;		_pulsingRGB
   930 ;; This function uses a non-reentrant model
   931 ;;
   932                           
   933                           
   934                           ;psect for function _neopixel_fill_a
   935  0EEC                     _neopixel_fill_a:
   936                           
   937                           ;incstack = 0
   938                           ; Regs used in _neopixel_fill_a: [wreg+fsr1l+fsr1h+status,2+status,0+pclath+cstack]
   939                           ;neopixel_fill_a@leds stored from wreg
   940  0EEC  00F9               	movwf	neopixel_fill_a@leds
   941  0EED                     l1163:
   942                           
   943                           ;Main.c: 260:     int ledNum = 0;
   944  0EED  01FA               	clrf	neopixel_fill_a@ledNum
   945  0EEE  01FB               	clrf	neopixel_fill_a@ledNum+1
   946                           
   947                           ;Main.c: 261:     for(; ledNum != leds; ledNum++) {
   948  0EEF  2F12               	goto	l1169
   949  0EF0                     l1165:
   950                           
   951                           ;Main.c: 262:         neopixel_send(green[ledNum]);
   952  0EF0  087A               	movf	neopixel_fill_a@ledNum,w
   953  0EF1  0774               	addwf	neopixel_fill_a@green,w
   954  0EF2  00F7               	movwf	??_neopixel_fill_a
   955  0EF3  0877               	movf	??_neopixel_fill_a,w
   956  0EF4  0086               	movwf	6
   957  0EF5  0187               	clrf	7
   958  0EF6  0801               	movf	1,w
   959  0EF7  318E  26B1  318E   	fcall	_neopixel_send
   960                           
   961                           ;Main.c: 263:         neopixel_send(red[ledNum]);
   962  0EFA  087A               	movf	neopixel_fill_a@ledNum,w
   963  0EFB  0773               	addwf	neopixel_fill_a@red,w
   964  0EFC  00F7               	movwf	??_neopixel_fill_a
   965  0EFD  0877               	movf	??_neopixel_fill_a,w
   966  0EFE  0086               	movwf	6
   967  0EFF  0187               	clrf	7
   968  0F00  0801               	movf	1,w
   969  0F01  318E  26B1  318E   	fcall	_neopixel_send
   970                           
   971                           ;Main.c: 264:         neopixel_send(blue[ledNum]);
   972  0F04  087A               	movf	neopixel_fill_a@ledNum,w
   973  0F05  0775               	addwf	neopixel_fill_a@blue,w
   974  0F06  0086               	movwf	6
   975  0F07  087B               	movf	neopixel_fill_a@ledNum+1,w
   976  0F08  3D76               	addwfc	neopixel_fill_a@blue+1,w
   977  0F09  0087               	movwf	7
   978  0F0A  0801               	movf	1,w
   979  0F0B  318E  26B1  318E   	fcall	_neopixel_send
   980  0F0E                     l1167:
   981                           
   982                           ;Main.c: 265:     }
   983  0F0E  3001               	movlw	1
   984  0F0F  07FA               	addwf	neopixel_fill_a@ledNum,f
   985  0F10  3000               	movlw	0
   986  0F11  3DFB               	addwfc	neopixel_fill_a@ledNum+1,f
   987  0F12                     l1169:
   988  0F12  0879               	movf	neopixel_fill_a@leds,w
   989  0F13  00F7               	movwf	??_neopixel_fill_a
   990  0F14  01F8               	clrf	??_neopixel_fill_a+1
   991  0F15  087B               	movf	neopixel_fill_a@ledNum+1,w
   992  0F16  0678               	xorwf	??_neopixel_fill_a+1,w
   993  0F17  1D03               	skipz
   994  0F18  2F1B               	goto	u495
   995  0F19  087A               	movf	neopixel_fill_a@ledNum,w
   996  0F1A  0677               	xorwf	??_neopixel_fill_a,w
   997  0F1B                     u495:
   998  0F1B  1D03               	skipz
   999  0F1C  2F1E               	goto	u491
  1000  0F1D  2F1F               	goto	u490
  1001  0F1E                     u491:
  1002  0F1E  2EF0               	goto	l1165
  1003  0F1F                     u490:
  1004  0F1F                     l189:
  1005  0F1F  0008               	return
  1006  0F20                     __end_of_neopixel_fill_a:
  1007                           
  1008                           	psect	text2
  1009  0EB1                     __ptext2:	
  1010 ;; *************** function _neopixel_send *****************
  1011 ;; Defined at:
  1012 ;;		line 277 in file "Main.c"
  1013 ;; Parameters:    Size  Location     Type
  1014 ;;  colour          1    wreg     unsigned char 
  1015 ;; Auto vars:     Size  Location     Type
  1016 ;;  colour          1    1[COMMON] unsigned char 
  1017 ;;  bits            1    2[COMMON] unsigned char 
  1018 ;; Return value:  Size  Location     Type
  1019 ;;                  1    wreg      void 
  1020 ;; Registers used:
  1021 ;;		wreg, status,2, status,0
  1022 ;; Tracked objects:
  1023 ;;		On entry : 0/0
  1024 ;;		On exit  : 0/0
  1025 ;;		Unchanged: 0/0
  1026 ;; Data sizes:     COMMON   BANK0   BANK1   BANK2   BANK3   BANK4   BANK5   BANK6   BANK7   BANK8   BANK9  BANK10  BANK1
      +1  BANK12
  1027 ;;      Params:         0       0       0       0       0       0       0       0       0       0       0       0       
      +0       0
  1028 ;;      Locals:         2       0       0       0       0       0       0       0       0       0       0       0       
      +0       0
  1029 ;;      Temps:          1       0       0       0       0       0       0       0       0       0       0       0       
      +0       0
  1030 ;;      Totals:         3       0       0       0       0       0       0       0       0       0       0       0       
      +0       0
  1031 ;;Total ram usage:        3 bytes
  1032 ;; Hardware stack levels used: 1
  1033 ;; This function calls:
  1034 ;;		Nothing
  1035 ;; This function is called by:
  1036 ;;		_neopixel_fill_a
  1037 ;; This function uses a non-reentrant model
  1038 ;;
  1039                           
  1040                           
  1041                           ;psect for function _neopixel_send
  1042  0EB1                     _neopixel_send:
  1043                           
  1044                           ;incstack = 0
  1045                           ; Regs used in _neopixel_send: [wreg+status,2+status,0]
  1046                           ;neopixel_send@colour stored from wreg
  1047  0EB1  00F1               	movwf	neopixel_send@colour
  1048  0EB2                     l929:
  1049                           
  1050                           ;Main.c: 277: void neopixel_send(unsigned char colour);Main.c: 278: {;Main.c: 279:     f
      +                          or(unsigned char bits = 8; bits != 0; bits --)
  1051  0EB2  3008               	movlw	8
  1052  0EB3  00F0               	movwf	??_neopixel_send
  1053  0EB4  0870               	movf	??_neopixel_send,w
  1054  0EB5  00F2               	movwf	neopixel_send@bits
  1055  0EB6                     l192:
  1056                           
  1057                           ;Main.c: 280:     {;Main.c: 281:         LATCbits.LATC1 = 1;
  1058  0EB6  0022               	movlb	2	; select bank2
  1059  0EB7  148E               	bsf	14,1	;volatile
  1060                           
  1061                           ;Main.c: 282:         if((colour & 0b10000000) == 0)
  1062  0EB8  1BF1               	btfsc	neopixel_send@colour,7
  1063  0EB9  2EBB               	goto	u201
  1064  0EBA  2EBC               	goto	u200
  1065  0EBB                     u201:
  1066  0EBB  2EBD               	goto	l194
  1067  0EBC                     u200:
  1068  0EBC                     l935:
  1069                           
  1070                           ;Main.c: 283:         {;Main.c: 284:             LATCbits.LATC1 = 0;
  1071  0EBC  108E               	bcf	14,1	;volatile
  1072  0EBD                     l194:	
  1073                           ;Main.c: 285:         }
  1074                           
  1075                           
  1076                           ;Main.c: 286:         __nop();
  1077  0EBD  0000               	nop
  1078                           
  1079                           ;Main.c: 287:         LATCbits.LATC1 = 0;
  1080  0EBE  0022               	movlb	2	; select bank2
  1081  0EBF  108E               	bcf	14,1	;volatile
  1082  0EC0                     l937:
  1083                           
  1084                           ;Main.c: 288:         colour = colour << 1;
  1085  0EC0  3571               	lslf	neopixel_send@colour,w
  1086  0EC1  00F0               	movwf	??_neopixel_send
  1087  0EC2  0870               	movf	??_neopixel_send,w
  1088  0EC3  00F1               	movwf	neopixel_send@colour
  1089                           
  1090                           ;Main.c: 289:     }
  1091  0EC4  3001               	movlw	1
  1092  0EC5  02F2               	subwf	neopixel_send@bits,f
  1093  0EC6  0872               	movf	neopixel_send@bits,w
  1094  0EC7  1D03               	btfss	3,2
  1095  0EC8  2ECA               	goto	u211
  1096  0EC9  2ECB               	goto	u210
  1097  0ECA                     u211:
  1098  0ECA  2EB6               	goto	l192
  1099  0ECB                     u210:
  1100  0ECB                     l195:
  1101  0ECB  0008               	return
  1102  0ECC                     __end_of_neopixel_send:
  1103                           
  1104                           	psect	text3
  1105  0ECC                     __ptext3:	
  1106 ;; *************** function _UBMP4_config *****************
  1107 ;; Defined at:
  1108 ;;		line 29 in file "UBMP4.c"
  1109 ;; Parameters:    Size  Location     Type
  1110 ;;		None
  1111 ;; Auto vars:     Size  Location     Type
  1112 ;;		None
  1113 ;; Return value:  Size  Location     Type
  1114 ;;                  1    wreg      void 
  1115 ;; Registers used:
  1116 ;;		wreg, status,2
  1117 ;; Tracked objects:
  1118 ;;		On entry : 0/0
  1119 ;;		On exit  : 0/0
  1120 ;;		Unchanged: 0/0
  1121 ;; Data sizes:     COMMON   BANK0   BANK1   BANK2   BANK3   BANK4   BANK5   BANK6   BANK7   BANK8   BANK9  BANK10  BANK1
      +1  BANK12
  1122 ;;      Params:         0       0       0       0       0       0       0       0       0       0       0       0       
      +0       0
  1123 ;;      Locals:         0       0       0       0       0       0       0       0       0       0       0       0       
      +0       0
  1124 ;;      Temps:          0       0       0       0       0       0       0       0       0       0       0       0       
      +0       0
  1125 ;;      Totals:         0       0       0       0       0       0       0       0       0       0       0       0       
      +0       0
  1126 ;;Total ram usage:        0 bytes
  1127 ;; Hardware stack levels used: 1
  1128 ;; This function calls:
  1129 ;;		Nothing
  1130 ;; This function is called by:
  1131 ;;		_main
  1132 ;; This function uses a non-reentrant model
  1133 ;;
  1134                           
  1135                           
  1136                           ;psect for function _UBMP4_config
  1137  0ECC                     _UBMP4_config:
  1138  0ECC                     l941:	
  1139                           ;incstack = 0
  1140                           ; Regs used in _UBMP4_config: [wreg+status,2]
  1141                           
  1142                           
  1143                           ;UBMP4.c: 31:     OPTION_REG = 0b01010111;
  1144  0ECC  3057               	movlw	87
  1145  0ECD  0021               	movlb	1	; select bank1
  1146  0ECE  0095               	movwf	21	;volatile
  1147  0ECF                     l943:
  1148                           
  1149                           ;UBMP4.c: 33:     LATA = 0b00000000;
  1150  0ECF  0022               	movlb	2	; select bank2
  1151  0ED0  018C               	clrf	12	;volatile
  1152  0ED1                     l945:
  1153                           
  1154                           ;UBMP4.c: 34:     TRISA = 0b00001111;
  1155  0ED1  300F               	movlw	15
  1156  0ED2  0021               	movlb	1	; select bank1
  1157  0ED3  008C               	movwf	12	;volatile
  1158                           
  1159                           ;UBMP4.c: 35:     ANSELA = 0b00000000;
  1160  0ED4  0023               	movlb	3	; select bank3
  1161  0ED5  018C               	clrf	12	;volatile
  1162  0ED6                     l947:
  1163                           
  1164                           ;UBMP4.c: 36:     WPUA = 0b00001000;
  1165  0ED6  3008               	movlw	8
  1166  0ED7  0024               	movlb	4	; select bank4
  1167  0ED8  008C               	movwf	12	;volatile
  1168  0ED9                     l949:
  1169                           
  1170                           ;UBMP4.c: 38:     LATB = 0b00000000;
  1171  0ED9  0022               	movlb	2	; select bank2
  1172  0EDA  018D               	clrf	13	;volatile
  1173                           
  1174                           ;UBMP4.c: 39:     TRISB = 0b11110000;
  1175  0EDB  30F0               	movlw	240
  1176  0EDC  0021               	movlb	1	; select bank1
  1177  0EDD  008D               	movwf	13	;volatile
  1178  0EDE                     l951:
  1179                           
  1180                           ;UBMP4.c: 40:     ANSELB = 0b00000000;
  1181  0EDE  0023               	movlb	3	; select bank3
  1182  0EDF  018D               	clrf	13	;volatile
  1183  0EE0                     l953:
  1184                           
  1185                           ;UBMP4.c: 41:     WPUB = 0b11110000;
  1186  0EE0  30F0               	movlw	240
  1187  0EE1  0024               	movlb	4	; select bank4
  1188  0EE2  008D               	movwf	13	;volatile
  1189                           
  1190                           ;UBMP4.c: 43:     LATC = 0b00000000;
  1191  0EE3  0022               	movlb	2	; select bank2
  1192  0EE4  018E               	clrf	14	;volatile
  1193  0EE5                     l955:
  1194                           
  1195                           ;UBMP4.c: 44:     TRISC = 0b00001101;
  1196  0EE5  300D               	movlw	13
  1197  0EE6  0021               	movlb	1	; select bank1
  1198  0EE7  008E               	movwf	14	;volatile
  1199  0EE8                     l957:
  1200                           
  1201                           ;UBMP4.c: 45:     ANSELC = 0b00000001;
  1202  0EE8  3001               	movlw	1
  1203  0EE9  0023               	movlb	3	; select bank3
  1204  0EEA  008E               	movwf	14	;volatile
  1205  0EEB                     l55:
  1206  0EEB  0008               	return
  1207  0EEC                     __end_of_UBMP4_config:
  1208                           
  1209                           	psect	text4
  1210  0E97                     __ptext4:	
  1211 ;; *************** function _OSC_config *****************
  1212 ;; Defined at:
  1213 ;;		line 21 in file "UBMP4.c"
  1214 ;; Parameters:    Size  Location     Type
  1215 ;;		None
  1216 ;; Auto vars:     Size  Location     Type
  1217 ;;		None
  1218 ;; Return value:  Size  Location     Type
  1219 ;;                  1    wreg      void 
  1220 ;; Registers used:
  1221 ;;		wreg
  1222 ;; Tracked objects:
  1223 ;;		On entry : 0/0
  1224 ;;		On exit  : 0/0
  1225 ;;		Unchanged: 0/0
  1226 ;; Data sizes:     COMMON   BANK0   BANK1   BANK2   BANK3   BANK4   BANK5   BANK6   BANK7   BANK8   BANK9  BANK10  BANK1
      +1  BANK12
  1227 ;;      Params:         0       0       0       0       0       0       0       0       0       0       0       0       
      +0       0
  1228 ;;      Locals:         0       0       0       0       0       0       0       0       0       0       0       0       
      +0       0
  1229 ;;      Temps:          0       0       0       0       0       0       0       0       0       0       0       0       
      +0       0
  1230 ;;      Totals:         0       0       0       0       0       0       0       0       0       0       0       0       
      +0       0
  1231 ;;Total ram usage:        0 bytes
  1232 ;; Hardware stack levels used: 1
  1233 ;; This function calls:
  1234 ;;		Nothing
  1235 ;; This function is called by:
  1236 ;;		_main
  1237 ;; This function uses a non-reentrant model
  1238 ;;
  1239                           
  1240                           
  1241                           ;psect for function _OSC_config
  1242  0E97                     _OSC_config:
  1243  0E97                     l939:	
  1244                           ;incstack = 0
  1245                           ; Regs used in _OSC_config: [wreg]
  1246                           
  1247                           
  1248                           ;UBMP4.c: 23:     OSCCON = 0xFC;
  1249  0E97  30FC               	movlw	252
  1250  0E98  0021               	movlb	1	; select bank1
  1251  0E99  0099               	movwf	25	;volatile
  1252                           
  1253                           ;UBMP4.c: 24:     ACTCON = 0x90;
  1254  0E9A  3090               	movlw	144
  1255  0E9B  0027               	movlb	7	; select bank7
  1256  0E9C  009B               	movwf	27	;volatile
  1257  0E9D                     l49:	
  1258                           ;UBMP4.c: 25:     while(!PLLRDY);
  1259                           
  1260  0E9D  0021               	movlb	1	; select bank1
  1261  0E9E  1F1A               	btfss	26,6	;volatile
  1262  0E9F  2EA1               	goto	u221
  1263  0EA0  2EA2               	goto	u220
  1264  0EA1                     u221:
  1265  0EA1  2E9D               	goto	l49
  1266  0EA2                     u220:
  1267  0EA2                     l52:
  1268  0EA2  0008               	return
  1269  0EA3                     __end_of_OSC_config:
  1270                           
  1271                           	psect	text5
  1272  0E8D                     __ptext5:	
  1273 ;; *************** function _ADC_select_channel *****************
  1274 ;; Defined at:
  1275 ;;		line 65 in file "UBMP4.c"
  1276 ;; Parameters:    Size  Location     Type
  1277 ;;  channel         1    wreg     unsigned char 
  1278 ;; Auto vars:     Size  Location     Type
  1279 ;;  channel         1    0[COMMON] unsigned char 
  1280 ;; Return value:  Size  Location     Type
  1281 ;;                  1    wreg      void 
  1282 ;; Registers used:
  1283 ;;		wreg, status,2, status,0
  1284 ;; Tracked objects:
  1285 ;;		On entry : 0/0
  1286 ;;		On exit  : 0/0
  1287 ;;		Unchanged: 0/0
  1288 ;; Data sizes:     COMMON   BANK0   BANK1   BANK2   BANK3   BANK4   BANK5   BANK6   BANK7   BANK8   BANK9  BANK10  BANK1
      +1  BANK12
  1289 ;;      Params:         0       0       0       0       0       0       0       0       0       0       0       0       
      +0       0
  1290 ;;      Locals:         1       0       0       0       0       0       0       0       0       0       0       0       
      +0       0
  1291 ;;      Temps:          0       0       0       0       0       0       0       0       0       0       0       0       
      +0       0
  1292 ;;      Totals:         1       0       0       0       0       0       0       0       0       0       0       0       
      +0       0
  1293 ;;Total ram usage:        1 bytes
  1294 ;; Hardware stack levels used: 1
  1295 ;; This function calls:
  1296 ;;		Nothing
  1297 ;; This function is called by:
  1298 ;;		_main
  1299 ;; This function uses a non-reentrant model
  1300 ;;
  1301                           
  1302                           
  1303                           ;psect for function _ADC_select_channel
  1304  0E8D                     _ADC_select_channel:
  1305                           
  1306                           ;incstack = 0
  1307                           ; Regs used in _ADC_select_channel: [wreg+status,2+status,0]
  1308                           ;ADC_select_channel@channel stored from wreg
  1309  0E8D  00F0               	movwf	ADC_select_channel@channel
  1310  0E8E                     l971:
  1311                           
  1312                           ;UBMP4.c: 65: void ADC_select_channel(unsigned char channel);UBMP4.c: 66: {;UBMP4.c: 67:
      +                               ADON = 1;
  1313  0E8E  0021               	movlb	1	; select bank1
  1314  0E8F  141D               	bsf	29,0	;volatile
  1315  0E90                     l973:
  1316                           
  1317                           ;UBMP4.c: 68:     ADCON0 = (ADCON0 & 0b10000011);
  1318  0E90  081D               	movf	29,w	;volatile
  1319  0E91  3983               	andlw	131
  1320  0E92  009D               	movwf	29	;volatile
  1321  0E93                     l975:
  1322                           
  1323                           ;UBMP4.c: 69:     ADCON0 = (ADCON0 | channel);
  1324  0E93  081D               	movf	29,w	;volatile
  1325  0E94  0470               	iorwf	ADC_select_channel@channel,w
  1326  0E95  009D               	movwf	29	;volatile
  1327  0E96                     l61:
  1328  0E96  0008               	return
  1329  0E97                     __end_of_ADC_select_channel:
  1330                           
  1331                           	psect	text6
  1332  0E85                     __ptext6:	
  1333 ;; *************** function _ADC_read *****************
  1334 ;; Defined at:
  1335 ;;		line 73 in file "UBMP4.c"
  1336 ;; Parameters:    Size  Location     Type
  1337 ;;		None
  1338 ;; Auto vars:     Size  Location     Type
  1339 ;;		None
  1340 ;; Return value:  Size  Location     Type
  1341 ;;                  1    wreg      unsigned char 
  1342 ;; Registers used:
  1343 ;;		wreg
  1344 ;; Tracked objects:
  1345 ;;		On entry : 0/0
  1346 ;;		On exit  : 0/0
  1347 ;;		Unchanged: 0/0
  1348 ;; Data sizes:     COMMON   BANK0   BANK1   BANK2   BANK3   BANK4   BANK5   BANK6   BANK7   BANK8   BANK9  BANK10  BANK1
      +1  BANK12
  1349 ;;      Params:         0       0       0       0       0       0       0       0       0       0       0       0       
      +0       0
  1350 ;;      Locals:         0       0       0       0       0       0       0       0       0       0       0       0       
      +0       0
  1351 ;;      Temps:          0       0       0       0       0       0       0       0       0       0       0       0       
      +0       0
  1352 ;;      Totals:         0       0       0       0       0       0       0       0       0       0       0       0       
      +0       0
  1353 ;;Total ram usage:        0 bytes
  1354 ;; Hardware stack levels used: 1
  1355 ;; This function calls:
  1356 ;;		Nothing
  1357 ;; This function is called by:
  1358 ;;		_main
  1359 ;; This function uses a non-reentrant model
  1360 ;;
  1361                           
  1362                           
  1363                           ;psect for function _ADC_read
  1364  0E85                     _ADC_read:
  1365  0E85                     l977:	
  1366                           ;incstack = 0
  1367                           ; Regs used in _ADC_read: [wreg]
  1368                           
  1369                           
  1370                           ;UBMP4.c: 75:     GO = 1;
  1371  0E85  0021               	movlb	1	; select bank1
  1372  0E86  149D               	bsf	29,1	;volatile
  1373  0E87                     l64:	
  1374                           ;UBMP4.c: 77:         ;
  1375                           
  1376                           
  1377                           ;UBMP4.c: 76:  while(GO)
  1378  0E87  189D               	btfsc	29,1	;volatile
  1379  0E88  2E8A               	goto	u231
  1380  0E89  2E8B               	goto	u230
  1381  0E8A                     u231:
  1382  0E8A  2E87               	goto	l64
  1383  0E8B                     u230:
  1384  0E8B                     l979:
  1385                           
  1386                           ;UBMP4.c: 78:     return (ADRESH);
  1387  0E8B  081C               	movf	28,w	;volatile
  1388  0E8C                     l67:
  1389  0E8C  0008               	return
  1390  0E8D                     __end_of_ADC_read:
  1391                           
  1392                           	psect	text7
  1393  0EA3                     __ptext7:	
  1394 ;; *************** function _ADC_config *****************
  1395 ;; Defined at:
  1396 ;;		line 51 in file "UBMP4.c"
  1397 ;; Parameters:    Size  Location     Type
  1398 ;;		None
  1399 ;; Auto vars:     Size  Location     Type
  1400 ;;		None
  1401 ;; Return value:  Size  Location     Type
  1402 ;;                  1    wreg      void 
  1403 ;; Registers used:
  1404 ;;		wreg, status,2
  1405 ;; Tracked objects:
  1406 ;;		On entry : 0/0
  1407 ;;		On exit  : 0/0
  1408 ;;		Unchanged: 0/0
  1409 ;; Data sizes:     COMMON   BANK0   BANK1   BANK2   BANK3   BANK4   BANK5   BANK6   BANK7   BANK8   BANK9  BANK10  BANK1
      +1  BANK12
  1410 ;;      Params:         0       0       0       0       0       0       0       0       0       0       0       0       
      +0       0
  1411 ;;      Locals:         0       0       0       0       0       0       0       0       0       0       0       0       
      +0       0
  1412 ;;      Temps:          0       0       0       0       0       0       0       0       0       0       0       0       
      +0       0
  1413 ;;      Totals:         0       0       0       0       0       0       0       0       0       0       0       0       
      +0       0
  1414 ;;Total ram usage:        0 bytes
  1415 ;; Hardware stack levels used: 1
  1416 ;; This function calls:
  1417 ;;		Nothing
  1418 ;; This function is called by:
  1419 ;;		_main
  1420 ;; This function uses a non-reentrant model
  1421 ;;
  1422                           
  1423                           
  1424                           ;psect for function _ADC_config
  1425  0EA3                     _ADC_config:
  1426  0EA3                     l959:	
  1427                           ;incstack = 0
  1428                           ; Regs used in _ADC_config: [wreg+status,2]
  1429                           
  1430                           
  1431                           ;UBMP4.c: 53:     LATC = 0b00000000;
  1432  0EA3  0022               	movlb	2	; select bank2
  1433  0EA4  018E               	clrf	14	;volatile
  1434  0EA5                     l961:
  1435                           
  1436                           ;UBMP4.c: 55:     TRISCbits.TRISC3 = 1;
  1437  0EA5  0021               	movlb	1	; select bank1
  1438  0EA6  158E               	bsf	14,3	;volatile
  1439  0EA7                     l963:
  1440                           
  1441                           ;UBMP4.c: 56:     ANSELC = 0b00001000;
  1442  0EA7  3008               	movlw	8
  1443  0EA8  0023               	movlb	3	; select bank3
  1444  0EA9  008E               	movwf	14	;volatile
  1445  0EAA                     l965:
  1446                           
  1447                           ;UBMP4.c: 58:     ADCON0 = 0b00011100;
  1448  0EAA  301C               	movlw	28
  1449  0EAB  0021               	movlb	1	; select bank1
  1450  0EAC  009D               	movwf	29	;volatile
  1451  0EAD                     l967:
  1452                           
  1453                           ;UBMP4.c: 59:     ADCON1 = 0b01100000;
  1454  0EAD  3060               	movlw	96
  1455  0EAE  009E               	movwf	30	;volatile
  1456  0EAF                     l969:
  1457                           
  1458                           ;UBMP4.c: 60:     ADCON2 = 0b00000000;
  1459  0EAF  019F               	clrf	31	;volatile
  1460  0EB0                     l58:
  1461  0EB0  0008               	return
  1462  0EB1                     __end_of_ADC_config:
  1463  007E                     btemp	set	126	;btemp
  1464  007E                     wtemp0	set	126

Data Sizes:
    Strings     0
    Constant    0
    Data        4
    BSS         168
    Persistent  32
    Stack       0

Auto Spaces:
    Space          Size  Autos    Used
    COMMON           14     14      14
    BANK0            80      4      73
    BANK1            80      0      72
    BANK2            80      0      31
    BANK3            80      0       0
    BANK4            80      0       0
    BANK5            80      0       0
    BANK6            80      0       0
    BANK7            80      0       0
    BANK8            80      0       0
    BANK9            80      0       0
    BANK10           80      0       0
    BANK11           80      0       0
    BANK12           48      0       0

Pointer List with Targets:

    neopixel_fill_a@blue	PTR unsigned char  size(2) Largest target is 31
		 -> blueArray(BANK2[31]), blueS(BANK0[10]), 

    neopixel_fill_a@red	PTR unsigned char  size(1) Largest target is 31
		 -> redArray(BANK1[31]), redS(BANK0[10]), 

    neopixel_fill_a@green	PTR unsigned char  size(1) Largest target is 31
		 -> greenArray(BANK1[31]), greenS(BANK0[10]), 


Critical Paths under _main in COMMON

    _main->_neopixel_fill_a
    _neopixel_fill_a->_neopixel_send

Critical Paths under _main in BANK0

    None.

Critical Paths under _main in BANK1

    None.

Critical Paths under _main in BANK2

    None.

Critical Paths under _main in BANK3

    None.

Critical Paths under _main in BANK4

    None.

Critical Paths under _main in BANK5

    None.

Critical Paths under _main in BANK6

    None.

Critical Paths under _main in BANK7

    None.

Critical Paths under _main in BANK8

    None.

Critical Paths under _main in BANK9

    None.

Critical Paths under _main in BANK10

    None.

Critical Paths under _main in BANK11

    None.

Critical Paths under _main in BANK12

    None.

Call Graph Tables:

 ---------------------------------------------------------------------------------
 (Depth) Function   	        Calls       Base Space   Used Autos Params    Refs
 ---------------------------------------------------------------------------------
 (0) _main                                                12    12      0    1657
                                             12 COMMON     2     2      0
                                              0 BANK0      4     4      0
                         _ADC_config
                           _ADC_read
                 _ADC_select_channel
                         _OSC_config
                       _UBMP4_config
                    _neopixel_fill_a
 ---------------------------------------------------------------------------------
 (1) _neopixel_fill_a                                      9     5      4    1425
                                              3 COMMON     9     5      4
                      _neopixel_send
 ---------------------------------------------------------------------------------
 (2) _neopixel_send                                        3     3      0      91
                                              0 COMMON     3     3      0
 ---------------------------------------------------------------------------------
 (1) _UBMP4_config                                         0     0      0       0
 ---------------------------------------------------------------------------------
 (1) _OSC_config                                           0     0      0       0
 ---------------------------------------------------------------------------------
 (1) _ADC_select_channel                                   1     1      0      22
                                              0 COMMON     1     1      0
 ---------------------------------------------------------------------------------
 (1) _ADC_read                                             0     0      0       0
 ---------------------------------------------------------------------------------
 (1) _ADC_config                                           0     0      0       0
 ---------------------------------------------------------------------------------
 Estimated maximum stack depth 2
 ---------------------------------------------------------------------------------

 Call Graph Graphs:

 _main (ROOT)
   _ADC_config
   _ADC_read
   _ADC_select_channel
   _OSC_config
   _UBMP4_config
   _neopixel_fill_a
     _neopixel_send

 Address spaces:
Name               Size   Autos  Total    Cost      Usage
BIGRAM             3F0      0       0       0        0.0%
NULL                 0      0       0       0        0.0%
CODE                 0      0       0       0        0.0%
BITCOMMON            E      0       0       1        0.0%
BITSFR0              0      0       0       1        0.0%
SFR0                 0      0       0       1        0.0%
COMMON               E      E       E       2      100.0%
BITSFR1              0      0       0       2        0.0%
SFR1                 0      0       0       2        0.0%
BITSFR2              0      0       0       3        0.0%
SFR2                 0      0       0       3        0.0%
STACK                0      0       0       3        0.0%
BITBANK0            50      0       0       4        0.0%
BITSFR3              0      0       0       4        0.0%
SFR3                 0      0       0       4        0.0%
BANK0               50      4      49       5       91.2%
BITSFR4              0      0       0       5        0.0%
SFR4                 0      0       0       5        0.0%
BITBANK1            50      0       0       6        0.0%
BITSFR5              0      0       0       6        0.0%
SFR5                 0      0       0       6        0.0%
BANK1               50      0      48       7       90.0%
BITSFR6              0      0       0       7        0.0%
SFR6                 0      0       0       7        0.0%
BITBANK2            50      0       0       8        0.0%
BITSFR7              0      0       0       8        0.0%
SFR7                 0      0       0       8        0.0%
BANK2               50      0      1F       9       38.8%
BITSFR8              0      0       0       9        0.0%
SFR8                 0      0       0       9        0.0%
BITBANK3            50      0       0      10        0.0%
BITSFR9              0      0       0      10        0.0%
SFR9                 0      0       0      10        0.0%
BANK3               50      0       0      11        0.0%
BITSFR10             0      0       0      11        0.0%
SFR10                0      0       0      11        0.0%
BITBANK4            50      0       0      12        0.0%
BITSFR11             0      0       0      12        0.0%
SFR11                0      0       0      12        0.0%
BANK4               50      0       0      13        0.0%
BITSFR12             0      0       0      13        0.0%
SFR12                0      0       0      13        0.0%
BITBANK5            50      0       0      14        0.0%
BITSFR13             0      0       0      14        0.0%
SFR13                0      0       0      14        0.0%
BANK5               50      0       0      15        0.0%
BITSFR14             0      0       0      15        0.0%
SFR14                0      0       0      15        0.0%
BITBANK6            50      0       0      16        0.0%
BITSFR15             0      0       0      16        0.0%
SFR15                0      0       0      16        0.0%
BANK6               50      0       0      17        0.0%
BITSFR16             0      0       0      17        0.0%
SFR16                0      0       0      17        0.0%
BITBANK7            50      0       0      18        0.0%
BITSFR17             0      0       0      18        0.0%
SFR17                0      0       0      18        0.0%
BANK7               50      0       0      19        0.0%
BITSFR18             0      0       0      19        0.0%
SFR18                0      0       0      19        0.0%
BITSFR19             0      0       0      20        0.0%
SFR19                0      0       0      20        0.0%
ABS                  0      0      BE      20        0.0%
BITBANK8            50      0       0      21        0.0%
BITSFR20             0      0       0      21        0.0%
SFR20                0      0       0      21        0.0%
BANK8               50      0       0      22        0.0%
BITSFR21             0      0       0      22        0.0%
SFR21                0      0       0      22        0.0%
BITBANK9            50      0       0      23        0.0%
BITSFR22             0      0       0      23        0.0%
SFR22                0      0       0      23        0.0%
BANK9               50      0       0      24        0.0%
BITSFR23             0      0       0      24        0.0%
SFR23                0      0       0      24        0.0%
BITBANK10           50      0       0      25        0.0%
BITSFR24             0      0       0      25        0.0%
SFR24                0      0       0      25        0.0%
BANK10              50      0       0      26        0.0%
BITSFR25             0      0       0      26        0.0%
SFR25                0      0       0      26        0.0%
BITBANK11           50      0       0      27        0.0%
BITSFR26             0      0       0      27        0.0%
SFR26                0      0       0      27        0.0%
BANK11              50      0       0      28        0.0%
BITSFR27             0      0       0      28        0.0%
SFR27                0      0       0      28        0.0%
BITBANK12           30      0       0      29        0.0%
BITSFR28             0      0       0      29        0.0%
SFR28                0      0       0      29        0.0%
BANK12              30      0       0      30        0.0%
BITSFR29             0      0       0      30        0.0%
SFR29                0      0       0      30        0.0%
BITSFR30             0      0       0      31        0.0%
SFR30                0      0       0      31        0.0%
DATA                 0      0      BE      31        0.0%
BITSFR31             0      0       0      32        0.0%
SFR31                0      0       0      32        0.0%


Microchip Technology PIC Macro Assembler V2.32 build 20210201212658 
Symbol Table                                                                                   Wed Mar 09 13:53:31 2022

      __end_of_neopixel_send 0ECC                           l52 0EA2                           l61 0E96  
                         l55 0EEB                           l64 0E87                           l49 0E9D  
                         l58 0EB0                           l67 0E8C                           _GO 04E9  
    __end_of_neopixel_fill_a 0F20                          l192 0EB6                          l194 0EBD  
                        l195 0ECB                          l189 0F1F                          l941 0ECC  
                        l951 0EDE                          l943 0ECF                          l935 0EBC  
                        l961 0EA5                          l953 0EE0                          l945 0ED1  
                        l937 0EC0                          l929 0EB2                          l963 0EA7  
                        l971 0E8E                          l939 0E97                          l955 0EE5  
                        l947 0ED6                          l965 0EAA                          l973 0E90  
                        l957 0EE8                          l949 0ED9                          l967 0EAD  
                        l959 0EA3                          l975 0E93                          l969 0EAF  
                        l977 0E85                          l979 0E8B                          u200 0EBC  
                        u201 0EBB                          u210 0ECB                          u211 0ECA  
                        u220 0EA2                          u221 0EA1                          u230 0E8B  
                        u231 0E8A                          u600 0FBC                          u601 0FBB  
                        u610 0FD1                          u611 0FD0                          u605 0FB8  
                        u560 0F4C                          u561 0F4B                          u490 0F1F  
                        u570 0F5B                          u491 0F1E                          u571 0F5A  
                        u627 0F32                          u580 0F64                          u637 0F9B  
                        u581 0F63                          u590 0F96                          u495 0F1B  
                        u591 0F95                          u595 0F92                          _red 002A  
                        _rev 003C                          wreg 0009                  _soundMemory 0036  
        __size_of_ADC_config 000E                         l1211 0F39                         l1221 0F52  
                       l1213 0F39                         l1205 0F20                         l1231 0F7F  
                       l1223 0F5B                         l1215 0F43                         l1207 0F2D  
                       l1233 0F7F                         l1225 0F64                         l1217 0F4C  
                       l1209 0F39                         l1163 0EED                         l1251 0FBC  
                       l1227 0F67                         l1235 0F84                         l1219 0F52  
                       l1165 0EF0                         l1245 0FA5                         l1253 0FCC  
                       l1237 0F96                         l1229 0F6F                         l1167 0F0E  
                       l1255 0FD1                         l1247 0FAB                         l1239 0FA3  
                       l1169 0F12                         l1249 0FAF                         _ADON 04E8  
                       _LATA 010C                         _LATB 010D                         _LATC 010E  
                       _WPUA 020C                         _WPUB 020D                         _sRed 0042  
                       _blue 00A0                         _main 0F20                         _leds 003D  
                       _redS 0057                         _tick 0061                         fsr0h 0005  
                       fsr1h 0007                         indf0 0000                         fsr0l 0004  
                       indf1 0001                         fsr1l 0006                         btemp 007E  
                       start 0803             __end_of_ADC_read 0E8D                        ?_main 0070  
                      _TRISA 008C                        _TRISB 008D                        _TRISC 008E  
                      _sBlue 0040                        _blueS 0043                        _green 0020  
                      main@i 0065                        _sound 0034  __size_of_ADC_select_channel 000A  
                ?_OSC_config 0070                        status 0003                        wtemp0 007E  
        neopixel_send@colour 0071              __initialization 0FD5                 __end_of_main 0FD5  
              _indexFunction 003F             ?_neopixel_fill_a 0073                       ??_main 007C  
                     _ADCON0 009D                       _ADCON1 009E                       _ADCON2 009F  
                     _ACTCON 039B                       _ADRESH 009C                       _ANSELA 018C  
                     _ANSELB 018D                       _ANSELC 018E                       _OSCCON 0099  
                     _PLLRDY 04D6                 ??_ADC_config 0070                       _sGreen 0041  
                     _ledNum 0063                       _greenS 004D          __size_of_OSC_config 000C  
                  ?_ADC_read 0070           __end_of_ADC_config 0EB1      __end_of__initialization 0FFD  
             __pcstackCOMMON 0070                ?_UBMP4_config 0070                 __pidataBANK0 0E7B  
                 ??_ADC_read 0070                   __pbssBANK0 0020                   __pbssBANK1 00A0  
                 __pbssBANK2 0120               ??_UBMP4_config 0070                   __pmaintext 0F20  
     __size_of_neopixel_send 001B                 ??_OSC_config 0070                   _greenArray 00AA  
                    __ptext1 0EEC                      __ptext2 0EB1                      __ptext3 0ECC  
                    __ptext4 0E97                      __ptext5 0E8D                      __ptext6 0E85  
                    __ptext7 0EA3           __end_of_OSC_config 0EA3   __end_of_ADC_select_channel 0E97  
                    clrloop0 0E80         end_of_initialization 0FFD                   _ticks_left 003A  
              _neopixel_send 0EB1                    _PORTAbits 000C                    _TRISCbits 008E  
   __size_of_neopixel_fill_a 0034         __end_of_UBMP4_config 0EEC            __size_of_ADC_read 0008  
          neopixel_send@bits 0072               ?_neopixel_send 0070    ADC_select_channel@channel 0070  
        start_initialization 0FD5                  __pdataBANK0 0061                    ___latbits 0002  
              __pcstackBANK0 0065            ??_neopixel_fill_a 0077              ??_neopixel_send 0070  
                  _blueArray 0120                    _amplitude 0038        __size_of_UBMP4_config 0020  
                  _isPressed 003E                     _ADC_read 0E85                     _LATCbits 010E  
                  clear_ram0 0E7F           _ADC_select_channel 0E8D                  _arrayLength 0064  
               _UBMP4_config 0ECC          ?_ADC_select_channel 0070                    main@i_203 0067  
       ??_ADC_select_channel 0070                   _ADC_config 0EA3                     _redArray 00C9  
              __size_of_main 00B5        neopixel_fill_a@ledNum 007A              _neopixel_fill_a 0EEC  
                ?_ADC_config 0070         neopixel_fill_a@green 0074                   _OPTION_REG 0095  
        neopixel_fill_a@blue 0075          neopixel_fill_a@leds 0079                   _OSC_config 0E97  
         neopixel_fill_a@red 0073  
